#
# There is insufficient memory for the Java Runtime Environment to continue.
# Native memory allocation (mmap) failed to map 536870912 bytes. Error detail: G1 virtual space
# Possible reasons:
#   The system is out of physical RAM or swap space
#   This process is running with CompressedOops enabled, and the Java Heap may be blocking the growth of the native heap
# Possible solutions:
#   Reduce memory load on the system
#   Increase physical memory or swap space
#   Check if swap backing store is full
#   Decrease Java heap size (-Xmx/-Xms)
#   Decrease number of Java threads
#   Decrease Java thread stack sizes (-Xss)
#   Set larger code cache with -XX:ReservedCodeCacheSize=
#   JVM is running with Unscaled Compressed Oops mode in which the Java heap is
#     placed in the first 4GB address space. The Java Heap base address is the
#     maximum limit for the native heap growth. Please use -XX:HeapBaseMinAddress
#     to set the Java Heap base and to place the Java Heap above 4GB virtual address.
# This output file may be truncated or incomplete.
#
#  Out of Memory Error (os_windows.cpp:3690), pid=13772, tid=5016
#
# JRE version:  (17.0.17+10) (build )
# Java VM: OpenJDK 64-Bit Server VM (17.0.17+10-LTS, mixed mode, sharing, tiered, compressed oops, compressed class ptrs, g1 gc, windows-amd64)
# No core dump will be written. Minidumps are not enabled by default on client versions of Windows
#

---------------  S U M M A R Y ------------

Command Line: -Xms512m -Xmx2048m -XX:+UseG1GC -javaagent:C:\Program Files\JetBrains\IntelliJ IDEA Community Edition 2024.3\lib\idea_rt.jar=63464:C:\Program Files\JetBrains\IntelliJ IDEA Community Edition 2024.3\bin -Dfile.encoding=UTF-8 com.selcan.documentflow.DocumentflowApplication

Host: Intel(R) Core(TM) i7-1065G7 CPU @ 1.30GHz, 8 cores, 15G,  Windows 11 , 64 bit Build 26100 (10.0.26100.8246)
Time: Mon Apr 27 15:01:18 2026 Azerbaijan Standard Time elapsed time: 2.047339 seconds (0d 0h 0m 2s)

---------------  T H R E A D  ---------------

Current thread (0x0000018fea24e8e0):  JavaThread "Unknown thread" [_thread_in_vm, id=5016, stack(0x00000065f0f00000,0x00000065f1000000)]

Stack: [0x00000065f0f00000,0x00000065f1000000]
Native frames: (J=compiled Java code, j=interpreted, Vv=VM code, C=native code)
V  [jvm.dll+0x68c459]  (no source info available)
V  [jvm.dll+0x845e09]  (no source info available)
V  [jvm.dll+0x847b78]  (no source info available)
V  [jvm.dll+0x848203]  (no source info available)
V  [jvm.dll+0x24cf6f]  (no source info available)
V  [jvm.dll+0x68b859]  (no source info available)
V  [jvm.dll+0x67fe1a]  (no source info available)
V  [jvm.dll+0x3100f0]  (no source info available)
V  [jvm.dll+0x30ff92]  (no source info available)
V  [jvm.dll+0x3174e9]  (no source info available)
V  [jvm.dll+0x3697c9]  (no source info available)
V  [jvm.dll+0x3699fd]  (no source info available)
V  [jvm.dll+0x2e68fa]  (no source info available)
V  [jvm.dll+0x2e7808]  (no source info available)
V  [jvm.dll+0x8182be]  (no source info available)
V  [jvm.dll+0x377431]  (no source info available)
V  [jvm.dll+0x7f6905]  (no source info available)
V  [jvm.dll+0x3fd2ab]  (no source info available)
V  [jvm.dll+0x3feee1]  (no source info available)
C  [jli.dll+0x52f0]  (no source info available)
C  [ucrtbase.dll+0x37b0]  (no source info available)
C  [KERNEL32.DLL+0x2e8d7]  (no source info available)
C  [ntdll.dll+0x8c3fc]  (no source info available)


---------------  P R O C E S S  ---------------

Threads class SMR info:
_java_thread_list=0x00007fff56877018, length=0, elements={
}

Java Threads: ( => current thread )

Other Threads:
  0x0000018fea2ab520 GCTaskThread "GC Thread#0" [stack: 0x00000065f1000000,0x00000065f1100000] [id=13604]
  0x0000018fea2bd150 ConcurrentGCThread "G1 Main Marker" [stack: 0x00000065f1100000,0x00000065f1200000] [id=23460]
  0x0000018fea2bea20 ConcurrentGCThread "G1 Conc#0" [stack: 0x00000065f1200000,0x00000065f1300000] [id=16244]

[error occurred during error reporting (printing all threads), id 0xc0000005, EXCEPTION_ACCESS_VIOLATION (0xc0000005) at pc=0x00007fff56027437]

VM state: not at safepoint (not fully initialized)

VM Mutex/Monitor currently owned by a thread:  ([mutex/lock_event])
[0x0000018fea249ac0] Heap_lock - owner thread: 0x0000018fea24e8e0

Heap address: 0x0000000080000000, size: 2048 MB, Compressed Oops mode: 32-bit

CDS archive(s) mapped at: [0x0000000000000000-0x0000000000000000-0x0000000000000000), size 0, SharedBaseAddress: 0x0000000800000000, ArchiveRelocationMode: 1.
Narrow klass base: 0x0000000000000000, Narrow klass shift: 0, Narrow klass range: 0x0

GC Precious Log:
<Empty>

Heap:
 garbage-first heap   total 0K, used 0K [0x0000000080000000, 0x0000000100000000)
  region size 1024K, 0 young (0K), 0 survivors (0K)

[error occurred during error reporting (printing heap information), id 0xc0000005, EXCEPTION_ACCESS_VIOLATION (0xc0000005) at pc=0x00007fff56418509]

GC Heap History (0 events):
No events

Dll operation events (1 events):
Event: 0.012 Loaded shared library C:\Users\acer\.jdks\ms-17.0.17\bin\java.dll

Deoptimization events (0 events):
No events

Classes loaded (0 events):
No events

Classes unloaded (0 events):
No events

Classes redefined (0 events):
No events

Internal exceptions (0 events):
No events

VM Operations (0 events):
No events

Memory protections (0 events):
No events

Nmethod flushes (0 events):
No events

Events (0 events):
No events


Dynamic libraries:
0x00007ff7afee0000 - 0x00007ff7afeee000 	C:\Users\acer\.jdks\ms-17.0.17\bin\java.exe
0x00007fffc3de0000 - 0x00007fffc4047000 	C:\WINDOWS\SYSTEM32\ntdll.dll
0x00007fffc36d0000 - 0x00007fffc3799000 	C:\WINDOWS\System32\KERNEL32.DLL
0x00007fffc1080000 - 0x00007fffc1474000 	C:\WINDOWS\System32\KERNELBASE.dll
0x00007fffc16a0000 - 0x00007fffc17eb000 	C:\WINDOWS\System32\ucrtbase.dll
0x00007fffba1a0000 - 0x00007fffba1b8000 	C:\Users\acer\.jdks\ms-17.0.17\bin\jli.dll
0x00007fffba490000 - 0x00007fffba4ae000 	C:\Users\acer\.jdks\ms-17.0.17\bin\VCRUNTIME140.dll
0x00007fffc2ed0000 - 0x00007fffc3095000 	C:\WINDOWS\System32\USER32.dll
0x00007fffc07e0000 - 0x00007fffc0807000 	C:\WINDOWS\System32\win32u.dll
0x00007fffacab0000 - 0x00007fffacd43000 	C:\WINDOWS\WinSxS\amd64_microsoft.windows.common-controls_6595b64144ccf1df_6.0.26100.8115_none_3e075c82e3354f9c\COMCTL32.dll
0x00007fffc3d70000 - 0x00007fffc3d9b000 	C:\WINDOWS\System32\GDI32.dll
0x00007fffc2e20000 - 0x00007fffc2ec9000 	C:\WINDOWS\System32\msvcrt.dll
0x00007fffc06b0000 - 0x00007fffc07db000 	C:\WINDOWS\System32\gdi32full.dll
0x00007fffc15f0000 - 0x00007fffc1693000 	C:\WINDOWS\System32\msvcp_win.dll
0x00007fffc2be0000 - 0x00007fffc2c12000 	C:\WINDOWS\System32\IMM32.DLL
0x00007fffb9b00000 - 0x00007fffb9b0c000 	C:\Users\acer\.jdks\ms-17.0.17\bin\vcruntime140_1.dll
0x00007fffad870000 - 0x00007fffad8f9000 	C:\Users\acer\.jdks\ms-17.0.17\bin\msvcp140.dll
0x00007fff55d30000 - 0x00007fff569aa000 	C:\Users\acer\.jdks\ms-17.0.17\bin\server\jvm.dll
0x00007fffc3c10000 - 0x00007fffc3cc6000 	C:\WINDOWS\System32\ADVAPI32.dll
0x00007fffc2310000 - 0x00007fffc23b7000 	C:\WINDOWS\System32\sechost.dll
0x00007fffc1e30000 - 0x00007fffc1f48000 	C:\WINDOWS\System32\RPCRT4.dll
0x00007fffc3ce0000 - 0x00007fffc3d60000 	C:\WINDOWS\System32\WS2_32.dll
0x00007fffc0510000 - 0x00007fffc056e000 	C:\WINDOWS\SYSTEM32\POWRPROF.dll
0x00007fffb45d0000 - 0x00007fffb45db000 	C:\WINDOWS\SYSTEM32\VERSION.dll
0x00007fffae200000 - 0x00007fffae236000 	C:\WINDOWS\SYSTEM32\WINMM.dll
0x00007fffc04f0000 - 0x00007fffc0504000 	C:\WINDOWS\SYSTEM32\UMPDC.dll
0x00007fffbf360000 - 0x00007fffbf37b000 	C:\WINDOWS\SYSTEM32\kernel.appcore.dll
0x00007fffb80b0000 - 0x00007fffb80ba000 	C:\Users\acer\.jdks\ms-17.0.17\bin\jimage.dll
0x00007fffad2f0000 - 0x00007fffad532000 	C:\WINDOWS\SYSTEM32\DBGHELP.DLL
0x00007fffc3870000 - 0x00007fffc3bf2000 	C:\WINDOWS\System32\combase.dll
0x00007fffc1c40000 - 0x00007fffc1d18000 	C:\WINDOWS\System32\OLEAUT32.dll
0x00007fff969a0000 - 0x00007fff969db000 	C:\WINDOWS\SYSTEM32\dbgcore.DLL
0x00007fffc1940000 - 0x00007fffc19e5000 	C:\WINDOWS\System32\bcryptPrimitives.dll
0x00007fffbdde0000 - 0x00007fffbddef000 	C:\Users\acer\.jdks\ms-17.0.17\bin\instrument.dll
0x00007fffb8080000 - 0x00007fffb80a6000 	C:\Users\acer\.jdks\ms-17.0.17\bin\java.dll

dbghelp: loaded successfully - version: 4.0.5 - missing functions: none
symbol engine: initialized successfully - sym options: 0x614 - pdb path: .;C:\Users\acer\.jdks\ms-17.0.17\bin;C:\WINDOWS\SYSTEM32;C:\WINDOWS\WinSxS\amd64_microsoft.windows.common-controls_6595b64144ccf1df_6.0.26100.8115_none_3e075c82e3354f9c;C:\Users\acer\.jdks\ms-17.0.17\bin\server

VM Arguments:
jvm_args: -Xms512m -Xmx2048m -XX:+UseG1GC -javaagent:C:\Program Files\JetBrains\IntelliJ IDEA Community Edition 2024.3\lib\idea_rt.jar=63464:C:\Program Files\JetBrains\IntelliJ IDEA Community Edition 2024.3\bin -Dfile.encoding=UTF-8 
java_command: com.selcan.documentflow.DocumentflowApplication
java_class_path (initial): C:\Users\acer\Desktop\documentflow\documentflow\target\classes;C:\Users\acer\.m2\repository\org\springframework\boot\spring-boot-starter-data-jpa\4.0.6\spring-boot-starter-data-jpa-4.0.6.jar;C:\Users\acer\.m2\repository\org\springframework\boot\spring-boot-starter\4.0.6\spring-boot-starter-4.0.6.jar;C:\Users\acer\.m2\repository\org\springframework\boot\spring-boot-starter-logging\4.0.6\spring-boot-starter-logging-4.0.6.jar;C:\Users\acer\.m2\repository\ch\qos\logback\logback-classic\1.5.32\logback-classic-1.5.32.jar;C:\Users\acer\.m2\repository\ch\qos\logback\logback-core\1.5.32\logback-core-1.5.32.jar;C:\Users\acer\.m2\repository\org\apache\logging\log4j\log4j-to-slf4j\2.25.4\log4j-to-slf4j-2.25.4.jar;C:\Users\acer\.m2\repository\org\apache\logging\log4j\log4j-api\2.25.4\log4j-api-2.25.4.jar;C:\Users\acer\.m2\repository\org\slf4j\jul-to-slf4j\2.0.17\jul-to-slf4j-2.0.17.jar;C:\Users\acer\.m2\repository\jakarta\annotation\jakarta.annotation-api\3.0.0\jakarta.annotation-api-3.0.0.jar;C:\Users\acer\.m2\repository\org\yaml\snakeyaml\2.5\snakeyaml-2.5.jar;C:\Users\acer\.m2\repository\org\springframework\boot\spring-boot-starter-jdbc\4.0.6\spring-boot-starter-jdbc-4.0.6.jar;C:\Users\acer\.m2\repository\com\zaxxer\HikariCP\7.0.2\HikariCP-7.0.2.jar;C:\Users\acer\.m2\repository\org\slf4j\slf4j-api\2.0.17\slf4j-api-2.0.17.jar;C:\Users\acer\.m2\repository\org\springframework\boot\spring-boot-data-jpa\4.0.6\spring-boot-data-jpa-4.0.6.jar;C:\Users\acer\.m2\repository\org\springframework\boot\spring-boot-data-commons\4.0.6\spring-boot-data-commons-4.0.6.jar;C:\Users\acer\.m2\repository\org\springframework\boot\spring-boot-persistence\4.0.6\spring-boot-persistence-4.0.6.jar;C:\Users\acer\.m2\repository\org\springframework\data\spring-data-commons\4.0.5\spring-data-commons-4.0.5.jar;C:\Users\acer\.m2\repository\org\springframework\boot\spring-boot-hibernate\4.0.6\spring-boot-hibernate-4.0.6.jar;C:\Users\acer\.m2\repository\org\springframework\boot\spring
Launcher Type: SUN_STANDARD

[Global flags]
     intx CICompilerCount                          = 4                                         {product} {ergonomic}
     uint ConcGCThreads                            = 2                                         {product} {ergonomic}
     uint G1ConcRefinementThreads                  = 8                                         {product} {ergonomic}
   size_t G1HeapRegionSize                         = 1048576                                   {product} {ergonomic}
    uintx GCDrainStackTargetSize                   = 64                                        {product} {ergonomic}
   size_t InitialHeapSize                          = 536870912                                 {product} {command line}
   size_t MarkStackSize                            = 4194304                                   {product} {ergonomic}
   size_t MaxHeapSize                              = 2147483648                                {product} {command line}
   size_t MinHeapDeltaBytes                        = 1048576                                   {product} {ergonomic}
   size_t MinHeapSize                              = 536870912                                 {product} {command line}
    uintx NonNMethodCodeHeapSize                   = 5839372                                {pd product} {ergonomic}
    uintx NonProfiledCodeHeapSize                  = 122909434                              {pd product} {ergonomic}
    uintx ProfiledCodeHeapSize                     = 122909434                              {pd product} {ergonomic}
    uintx ReservedCodeCacheSize                    = 251658240                              {pd product} {ergonomic}
     bool SegmentedCodeCache                       = true                                      {product} {ergonomic}
   size_t SoftMaxHeapSize                          = 2147483648                             {manageable} {ergonomic}
     bool UseCompressedClassPointers               = true                           {product lp64_product} {ergonomic}
     bool UseCompressedOops                        = true                           {product lp64_product} {ergonomic}
     bool UseG1GC                                  = true                                      {product} {command line}
     bool UseLargePagesIndividualAllocation        = false                                  {pd product} {ergonomic}

Logging:
Log output configuration:
 #0: stdout all=warning uptime,level,tags
 #1: stderr all=off uptime,level,tags

Environment Variables:
PATH=C:\Program Files (x86)\Common Files\Oracle\Java\javapath;C:\Windows\system32;C:\Windows;C:\Windows\System32\Wbem;C:\Windows\System32\WindowsPowerShell\v1.0\;C:\Windows\System32\OpenSSH\;C:\Program Files (x86)\NVIDIA Corporation\PhysX\Common;C:\Program Files\NVIDIA Corporation\NVIDIA NvDLISR;C:\Program Files\Microsoft SQL Server\Client SDK\ODBC\170\Tools\Binn\;C:\WINDOWS\system32;C:\WINDOWS;C:\WINDOWS\System32\Wbem;C:\WINDOWS\System32\WindowsPowerShell\v1.0\;C:\WINDOWS\System32\OpenSSH\;C:\Program Files (x86)\Microsoft SQL Server\160\Tools\Binn\;C:\Program Files\Microsoft SQL Server\160\Tools\Binn\;C:\Program Files\Microsoft SQL Server\160\DTS\Binn\;C:\Program Files\Azure Data Studio\bin;C:\Program Files\Git\cmd;C:\Program Files\nodejs\;C:\Program Files\Docker\Docker\resources\bin;C:\Program Files\dotnet\;C:\Program Files (x86)\Common Files\Oracle\Java\javapath;C:\Windows\system32;C:\Windows;C:\Windows\System32\Wbem;C:\Windows\System32\WindowsPowerShell\v1.0\;C:\Windows\System32\OpenSSH\;C:\Program Files (x86)\NVIDIA Corporation\PhysX\Common;C:\Program Files\NVIDIA Corporation\NVIDIA NvDLISR;C:\Program Files\Microsoft SQL Server\Client SDK\ODBC\170\Tools\Binn\;C:\WINDOWS\system32;C:\WINDOWS;C:\WINDOWS\System32\Wbem;C:\WINDOWS\System32\WindowsPowerShell\v1.0\;C:\WINDOWS\System32\OpenSSH\;C:\Program Files (x86)\Microsoft SQL Server\160\Tools\Binn\;C:\Program Files\Microsoft SQL Server\160\Tools\Binn\;C:\Program Files\Microsoft SQL Server\160\DTS\Binn\;C:\Program Files\Azure Data Studio\bin;C:\Program Files\Git\cmd;C:\Program Files\nodejs\;C:\Program Files\Docker\Docker\resources\bin;C:\Users\acer\AppData\Local\Microsoft\WindowsApps;;C:\Program Files\Azure Data Studio\bin;C:\Users\acer\AppData\Local\Programs\Microsoft VS Code\bin;C:\Users\acer\AppData\Roaming\npm;C:\Program Files\Apache\Maven\apache-maven-3.9.4\bin
USERNAME=acer
OS=Windows_NT
PROCESSOR_IDENTIFIER=Intel64 Family 6 Model 126 Stepping 5, GenuineIntel
TMP=C:\Users\acer\AppData\Local\Temp
TEMP=C:\Users\acer\AppData\Local\Temp



Periodic native trim disabled


---------------  S Y S T E M  ---------------

OS:
 Windows 11 , 64 bit Build 26100 (10.0.26100.8246)
OS uptime: 10 days 3:30 hours
Hyper-V role detected

CPU: total 8 (initial active 8) (4 cores per cpu, 2 threads per core) family 6 model 126 stepping 5 microcode 0x86, cx8, cmov, fxsr, ht, mmx, 3dnowpref, sse, sse2, sse3, ssse3, sse4.1, sse4.2, popcnt, lzcnt, tsc, tscinvbit, avx, avx2, aes, erms, clmul, bmi1, bmi2, adx, avx512f, avx512dq, avx512cd, avx512bw, avx512vl, sha, fma, vzeroupper, avx512_vpopcntdq, avx512_vpclmulqdq, avx512_vaes, avx512_vnni, clflush, clflushopt, avx512_vbmi2, avx512_vbmi, hv
Processor Information for the first 8 processors :
  Max Mhz: 1498, Current Mhz: 1298, Mhz Limit: 1288

Memory: 4k page, system-wide physical 16161M (2900M free)
TotalPageFile size 20257M (AvailPageFile size 405M)
current process WorkingSet (physical memory assigned to process): 13M, peak: 13M
current process commit charge ("private bytes"): 60M, peak: 572M

vm_info: OpenJDK 64-Bit Server VM (17.0.17+10-LTS) for windows-amd64 JRE (17.0.17+10-LTS), built on Oct 13 2025 22:19:56 by "MicrosoftCorporation" with unknown MS VC++:1944

END.
