#
# There is insufficient memory for the Java Runtime Environment to continue.
# Native memory allocation (malloc) failed to allocate 1249456 bytes. Error detail: Chunk::new
# Possible reasons:
#   The system is out of physical RAM or swap space
#   This process is running with CompressedOops enabled, and the Java Heap may be blocking the growth of the native heap
# Possible solutions:
#   Reduce memory load on the system
#   Increase physical memory or swap space
#   Check if swap backing store is full
#   Decrease Java heap size (-Xmx/-Xms)
#   Decrease number of Java threads
#   Decrease Java thread stack sizes (-Xss)
#   Set larger code cache with -XX:ReservedCodeCacheSize=
#   JVM is running with Zero Based Compressed Oops mode in which the Java heap is
#     placed in the first 32GB address space. The Java Heap base address is the
#     maximum limit for the native heap growth. Please use -XX:HeapBaseMinAddress
#     to set the Java Heap base and to place the Java Heap above 32GB virtual address.
# This output file may be truncated or incomplete.
#
#  Out of Memory Error (arena.cpp:191), pid=21652, tid=19796
#
# JRE version: OpenJDK Runtime Environment Microsoft-12574423 (17.0.17+10) (build 17.0.17+10-LTS)
# Java VM: OpenJDK 64-Bit Server VM Microsoft-12574423 (17.0.17+10-LTS, mixed mode, sharing, tiered, compressed oops, compressed class ptrs, g1 gc, windows-amd64)
# No core dump will be written. Minidumps are not enabled by default on client versions of Windows
#

---------------  S U M M A R Y ------------

Command Line: -javaagent:C:\Program Files\JetBrains\IntelliJ IDEA Community Edition 2024.3\lib\idea_rt.jar=64313:C:\Program Files\JetBrains\IntelliJ IDEA Community Edition 2024.3\bin -Dfile.encoding=UTF-8 com.selcan.documentflow.DocumentflowApplication

Host: Intel(R) Core(TM) i7-1065G7 CPU @ 1.30GHz, 8 cores, 15G,  Windows 11 , 64 bit Build 26100 (10.0.26100.8246)
Time: Mon Apr 27 14:58:30 2026 Azerbaijan Standard Time elapsed time: 4.984831 seconds (0d 0h 0m 4s)

---------------  T H R E A D  ---------------

Current thread (0x000001ec7169a300):  JavaThread "C2 CompilerThread0" daemon [_thread_in_native, id=19796, stack(0x0000002233c00000,0x0000002233d00000)]


Current CompileTask:
C2:4985 1652       4       org.springframework.boot.context.config.ConfigDataEnvironmentContributor$ContributorIterator::fetchIfNecessary (153 bytes)

Stack: [0x0000002233c00000,0x0000002233d00000]
Native frames: (J=compiled Java code, j=interpreted, Vv=VM code, C=native code)
V  [jvm.dll+0x68c459]  (no source info available)
V  [jvm.dll+0x845e09]  (no source info available)
V  [jvm.dll+0x847b78]  (no source info available)
V  [jvm.dll+0x848203]  (no source info available)
V  [jvm.dll+0x24cf6f]  (no source info available)
V  [jvm.dll+0xaecb6]  (no source info available)
V  [jvm.dll+0xaf35c]  (no source info available)
V  [jvm.dll+0x37152f]  (no source info available)
V  [jvm.dll+0x33b8d5]  (no source info available)
V  [jvm.dll+0x33ad3a]  (no source info available)
V  [jvm.dll+0x21df29]  (no source info available)
V  [jvm.dll+0x21d36d]  (no source info available)
V  [jvm.dll+0x1a8ce6]  (no source info available)
V  [jvm.dll+0x22db1b]  (no source info available)
V  [jvm.dll+0x22bca6]  (no source info available)
V  [jvm.dll+0x7fb65b]  (no source info available)
V  [jvm.dll+0x7f5a5c]  (no source info available)
V  [jvm.dll+0x68d9f7]  (no source info available)
C  [ucrtbase.dll+0x37b0]  (no source info available)
C  [KERNEL32.DLL+0x2e8d7]  (no source info available)
C  [ntdll.dll+0x8c3fc]  (no source info available)


---------------  P R O C E S S  ---------------

Threads class SMR info:
_java_thread_list=0x000001ec7765d820, length=15, elements={
0x000001ec4e6ad3d0, 0x000001ec70f526c0, 0x000001ec70f53280, 0x000001ec70f65a20,
0x000001ec70f684f0, 0x000001ec70f68eb0, 0x000001ec70f71880, 0x000001ec7169a300,
0x000001ec70f9ba40, 0x000001ec716b34a0, 0x000001ec717a80f0, 0x000001ec76359c00,
0x000001ec763d1230, 0x000001ec777b79c0, 0x000001ec7653d780
}

Java Threads: ( => current thread )
  0x000001ec4e6ad3d0 JavaThread "main" [_thread_blocked, id=12760, stack(0x0000002232f00000,0x0000002233000000)]
  0x000001ec70f526c0 JavaThread "Reference Handler" daemon [_thread_blocked, id=8568, stack(0x0000002233600000,0x0000002233700000)]
  0x000001ec70f53280 JavaThread "Finalizer" daemon [_thread_blocked, id=13612, stack(0x0000002233700000,0x0000002233800000)]
  0x000001ec70f65a20 JavaThread "Signal Dispatcher" daemon [_thread_blocked, id=4856, stack(0x0000002233800000,0x0000002233900000)]
  0x000001ec70f684f0 JavaThread "Attach Listener" daemon [_thread_blocked, id=16308, stack(0x0000002233900000,0x0000002233a00000)]
  0x000001ec70f68eb0 JavaThread "Service Thread" daemon [_thread_blocked, id=19384, stack(0x0000002233a00000,0x0000002233b00000)]
  0x000001ec70f71880 JavaThread "Monitor Deflation Thread" daemon [_thread_blocked, id=15380, stack(0x0000002233b00000,0x0000002233c00000)]
=>0x000001ec7169a300 JavaThread "C2 CompilerThread0" daemon [_thread_in_native, id=19796, stack(0x0000002233c00000,0x0000002233d00000)]
  0x000001ec70f9ba40 JavaThread "C1 CompilerThread0" daemon [_thread_in_native, id=11036, stack(0x0000002233d00000,0x0000002233e00000)]
  0x000001ec716b34a0 JavaThread "Sweeper thread" daemon [_thread_blocked, id=7708, stack(0x0000002233e00000,0x0000002233f00000)]
  0x000001ec717a80f0 JavaThread "Common-Cleaner" daemon [_thread_blocked, id=17468, stack(0x0000002233f00000,0x0000002234000000)]
  0x000001ec76359c00 JavaThread "Monitor Ctrl-Break" daemon [_thread_in_native, id=2712, stack(0x0000002234100000,0x0000002234200000)]
  0x000001ec763d1230 JavaThread "Notification Thread" daemon [_thread_blocked, id=16216, stack(0x0000002234200000,0x0000002234300000)]
  0x000001ec777b79c0 JavaThread "Thread-0" [_thread_blocked, id=11412, stack(0x0000002234900000,0x0000002234a00000)]
  0x000001ec7653d780 JavaThread "restartedMain" [_thread_in_vm, id=19852, stack(0x0000002234a00000,0x0000002234b00000)]

Other Threads:
  0x000001ec70f4f180 VMThread "VM Thread" [stack: 0x0000002233500000,0x0000002233600000] [id=11632]
  0x000001ec4e6adf00 WatcherThread [stack: 0x0000002234300000,0x0000002234400000] [id=13356]
  0x000001ec4e719a40 GCTaskThread "GC Thread#0" [stack: 0x0000002233000000,0x0000002233100000] [id=12484]
  0x000001ec764e5ad0 GCTaskThread "GC Thread#1" [stack: 0x0000002234400000,0x0000002234500000] [id=23956]
  0x000001ec76f56000 GCTaskThread "GC Thread#2" [stack: 0x0000002234500000,0x0000002234600000] [id=22820]
  0x000001ec76f562d0 GCTaskThread "GC Thread#3" [stack: 0x0000002234600000,0x0000002234700000] [id=1812]
  0x000001ec76f565a0 GCTaskThread "GC Thread#4" [stack: 0x0000002234700000,0x0000002234800000] [id=3136]
  0x000001ec76f56870 GCTaskThread "GC Thread#5" [stack: 0x0000002234800000,0x0000002234900000] [id=16576]
  0x000001ec4e72b300 ConcurrentGCThread "G1 Main Marker" [stack: 0x0000002233100000,0x0000002233200000] [id=21660]
  0x000001ec4e72cbd0 ConcurrentGCThread "G1 Conc#0" [stack: 0x0000002233200000,0x0000002233300000] [id=10052]
  0x000001ec4e74e430 ConcurrentGCThread "G1 Refine#0" [stack: 0x0000002233300000,0x0000002233400000] [id=15296]
  0x000001ec70e88760 ConcurrentGCThread "G1 Service" [stack: 0x0000002233400000,0x0000002233500000] [id=16080]

Threads with active compile tasks:
C2 CompilerThread0  5033 1652       4       org.springframework.boot.context.config.ConfigDataEnvironmentContributor$ContributorIterator::fetchIfNecessary (153 bytes)

VM state: not at safepoint (normal execution)

VM Mutex/Monitor currently owned by a thread: None

Heap address: 0x0000000703600000, size: 4042 MB, Compressed Oops mode: Zero based, Oop shift amount: 3

CDS archive(s) mapped at: [0x000001ec00000000-0x000001ec00bb0000-0x000001ec00bb0000), size 12255232, SharedBaseAddress: 0x000001ec00000000, ArchiveRelocationMode: 1.
Compressed class space mapped at: 0x000001ec01000000-0x000001ec41000000, reserved size: 1073741824
Narrow klass base: 0x000001ec00000000, Narrow klass shift: 0, Narrow klass range: 0x100000000

GC Precious Log:
 CPUs: 8 total, 8 available
 Memory: 16161M
 Large Page Support: Disabled
 NUMA Support: Disabled
 Compressed Oops: Enabled (Zero based)
 Heap Region Size: 2M
 Heap Min Capacity: 8M
 Heap Initial Capacity: 254M
 Heap Max Capacity: 4042M
 Pre-touch: Disabled
 Parallel Workers: 8
 Concurrent Workers: 2
 Concurrent Refinement Workers: 8
 Periodic GC: Disabled

Heap:
 garbage-first heap   total 260096K, used 27649K [0x0000000703600000, 0x0000000800000000)
  region size 2048K, 13 young (26624K), 2 survivors (4096K)
 Metaspace       used 9402K, committed 9664K, reserved 1114112K
  class space    used 1151K, committed 1280K, reserved 1048576K

Heap Regions: E=young(eden), S=young(survivor), O=old, HS=humongous(starts), HC=humongous(continues), CS=collection set, F=free, OA=open archive, CA=closed archive, TAMS=top-at-mark-start (previous, next)
|   0|0x0000000703600000, 0x0000000703800000, 0x0000000703800000|100%| O|  |TAMS 0x0000000703600000, 0x0000000703600000| Untracked 
|   1|0x0000000703800000, 0x0000000703a00000, 0x0000000703a00000|100%| O|  |TAMS 0x0000000703800000, 0x0000000703800000| Untracked 
|   2|0x0000000703a00000, 0x0000000703b00400, 0x0000000703c00000| 50%| O|  |TAMS 0x0000000703a00000, 0x0000000703a00000| Untracked 
|   3|0x0000000703c00000, 0x0000000703c00000, 0x0000000703e00000|  0%| F|  |TAMS 0x0000000703c00000, 0x0000000703c00000| Untracked 
|   4|0x0000000703e00000, 0x0000000703e00000, 0x0000000704000000|  0%| F|  |TAMS 0x0000000703e00000, 0x0000000703e00000| Untracked 
|   5|0x0000000704000000, 0x0000000704000000, 0x0000000704200000|  0%| F|  |TAMS 0x0000000704000000, 0x0000000704000000| Untracked 
|   6|0x0000000704200000, 0x0000000704200000, 0x0000000704400000|  0%| F|  |TAMS 0x0000000704200000, 0x0000000704200000| Untracked 
|   7|0x0000000704400000, 0x0000000704400000, 0x0000000704600000|  0%| F|  |TAMS 0x0000000704400000, 0x0000000704400000| Untracked 
|   8|0x0000000704600000, 0x0000000704600000, 0x0000000704800000|  0%| F|  |TAMS 0x0000000704600000, 0x0000000704600000| Untracked 
|   9|0x0000000704800000, 0x0000000704800000, 0x0000000704a00000|  0%| F|  |TAMS 0x0000000704800000, 0x0000000704800000| Untracked 
|  10|0x0000000704a00000, 0x0000000704a00000, 0x0000000704c00000|  0%| F|  |TAMS 0x0000000704a00000, 0x0000000704a00000| Untracked 
|  11|0x0000000704c00000, 0x0000000704c00000, 0x0000000704e00000|  0%| F|  |TAMS 0x0000000704c00000, 0x0000000704c00000| Untracked 
|  12|0x0000000704e00000, 0x0000000704e00000, 0x0000000705000000|  0%| F|  |TAMS 0x0000000704e00000, 0x0000000704e00000| Untracked 
|  13|0x0000000705000000, 0x0000000705000000, 0x0000000705200000|  0%| F|  |TAMS 0x0000000705000000, 0x0000000705000000| Untracked 
|  14|0x0000000705200000, 0x0000000705200000, 0x0000000705400000|  0%| F|  |TAMS 0x0000000705200000, 0x0000000705200000| Untracked 
|  15|0x0000000705400000, 0x0000000705400000, 0x0000000705600000|  0%| F|  |TAMS 0x0000000705400000, 0x0000000705400000| Untracked 
|  16|0x0000000705600000, 0x0000000705600000, 0x0000000705800000|  0%| F|  |TAMS 0x0000000705600000, 0x0000000705600000| Untracked 
|  17|0x0000000705800000, 0x0000000705800000, 0x0000000705a00000|  0%| F|  |TAMS 0x0000000705800000, 0x0000000705800000| Untracked 
|  18|0x0000000705a00000, 0x0000000705a00000, 0x0000000705c00000|  0%| F|  |TAMS 0x0000000705a00000, 0x0000000705a00000| Untracked 
|  19|0x0000000705c00000, 0x0000000705c00000, 0x0000000705e00000|  0%| F|  |TAMS 0x0000000705c00000, 0x0000000705c00000| Untracked 
|  20|0x0000000705e00000, 0x0000000705e00000, 0x0000000706000000|  0%| F|  |TAMS 0x0000000705e00000, 0x0000000705e00000| Untracked 
|  21|0x0000000706000000, 0x0000000706000000, 0x0000000706200000|  0%| F|  |TAMS 0x0000000706000000, 0x0000000706000000| Untracked 
|  22|0x0000000706200000, 0x0000000706200000, 0x0000000706400000|  0%| F|  |TAMS 0x0000000706200000, 0x0000000706200000| Untracked 
|  23|0x0000000706400000, 0x0000000706400000, 0x0000000706600000|  0%| F|  |TAMS 0x0000000706400000, 0x0000000706400000| Untracked 
|  24|0x0000000706600000, 0x0000000706600000, 0x0000000706800000|  0%| F|  |TAMS 0x0000000706600000, 0x0000000706600000| Untracked 
|  25|0x0000000706800000, 0x0000000706800000, 0x0000000706a00000|  0%| F|  |TAMS 0x0000000706800000, 0x0000000706800000| Untracked 
|  26|0x0000000706a00000, 0x0000000706a00000, 0x0000000706c00000|  0%| F|  |TAMS 0x0000000706a00000, 0x0000000706a00000| Untracked 
|  27|0x0000000706c00000, 0x0000000706c00000, 0x0000000706e00000|  0%| F|  |TAMS 0x0000000706c00000, 0x0000000706c00000| Untracked 
|  28|0x0000000706e00000, 0x0000000706e00000, 0x0000000707000000|  0%| F|  |TAMS 0x0000000706e00000, 0x0000000706e00000| Untracked 
|  29|0x0000000707000000, 0x0000000707000000, 0x0000000707200000|  0%| F|  |TAMS 0x0000000707000000, 0x0000000707000000| Untracked 
|  30|0x0000000707200000, 0x0000000707200000, 0x0000000707400000|  0%| F|  |TAMS 0x0000000707200000, 0x0000000707200000| Untracked 
|  31|0x0000000707400000, 0x0000000707400000, 0x0000000707600000|  0%| F|  |TAMS 0x0000000707400000, 0x0000000707400000| Untracked 
|  32|0x0000000707600000, 0x0000000707600000, 0x0000000707800000|  0%| F|  |TAMS 0x0000000707600000, 0x0000000707600000| Untracked 
|  33|0x0000000707800000, 0x0000000707800000, 0x0000000707a00000|  0%| F|  |TAMS 0x0000000707800000, 0x0000000707800000| Untracked 
|  34|0x0000000707a00000, 0x0000000707a00000, 0x0000000707c00000|  0%| F|  |TAMS 0x0000000707a00000, 0x0000000707a00000| Untracked 
|  35|0x0000000707c00000, 0x0000000707c00000, 0x0000000707e00000|  0%| F|  |TAMS 0x0000000707c00000, 0x0000000707c00000| Untracked 
|  36|0x0000000707e00000, 0x0000000707e00000, 0x0000000708000000|  0%| F|  |TAMS 0x0000000707e00000, 0x0000000707e00000| Untracked 
|  37|0x0000000708000000, 0x0000000708000000, 0x0000000708200000|  0%| F|  |TAMS 0x0000000708000000, 0x0000000708000000| Untracked 
|  38|0x0000000708200000, 0x0000000708200000, 0x0000000708400000|  0%| F|  |TAMS 0x0000000708200000, 0x0000000708200000| Untracked 
|  39|0x0000000708400000, 0x0000000708400000, 0x0000000708600000|  0%| F|  |TAMS 0x0000000708400000, 0x0000000708400000| Untracked 
|  40|0x0000000708600000, 0x0000000708600000, 0x0000000708800000|  0%| F|  |TAMS 0x0000000708600000, 0x0000000708600000| Untracked 
|  41|0x0000000708800000, 0x0000000708800000, 0x0000000708a00000|  0%| F|  |TAMS 0x0000000708800000, 0x0000000708800000| Untracked 
|  42|0x0000000708a00000, 0x0000000708a00000, 0x0000000708c00000|  0%| F|  |TAMS 0x0000000708a00000, 0x0000000708a00000| Untracked 
|  43|0x0000000708c00000, 0x0000000708c00000, 0x0000000708e00000|  0%| F|  |TAMS 0x0000000708c00000, 0x0000000708c00000| Untracked 
|  44|0x0000000708e00000, 0x0000000708e00000, 0x0000000709000000|  0%| F|  |TAMS 0x0000000708e00000, 0x0000000708e00000| Untracked 
|  45|0x0000000709000000, 0x0000000709000000, 0x0000000709200000|  0%| F|  |TAMS 0x0000000709000000, 0x0000000709000000| Untracked 
|  46|0x0000000709200000, 0x0000000709200000, 0x0000000709400000|  0%| F|  |TAMS 0x0000000709200000, 0x0000000709200000| Untracked 
|  47|0x0000000709400000, 0x0000000709400000, 0x0000000709600000|  0%| F|  |TAMS 0x0000000709400000, 0x0000000709400000| Untracked 
|  48|0x0000000709600000, 0x0000000709600000, 0x0000000709800000|  0%| F|  |TAMS 0x0000000709600000, 0x0000000709600000| Untracked 
|  49|0x0000000709800000, 0x0000000709800000, 0x0000000709a00000|  0%| F|  |TAMS 0x0000000709800000, 0x0000000709800000| Untracked 
|  50|0x0000000709a00000, 0x0000000709a00000, 0x0000000709c00000|  0%| F|  |TAMS 0x0000000709a00000, 0x0000000709a00000| Untracked 
|  51|0x0000000709c00000, 0x0000000709c00000, 0x0000000709e00000|  0%| F|  |TAMS 0x0000000709c00000, 0x0000000709c00000| Untracked 
|  52|0x0000000709e00000, 0x0000000709e00000, 0x000000070a000000|  0%| F|  |TAMS 0x0000000709e00000, 0x0000000709e00000| Untracked 
|  53|0x000000070a000000, 0x000000070a000000, 0x000000070a200000|  0%| F|  |TAMS 0x000000070a000000, 0x000000070a000000| Untracked 
|  54|0x000000070a200000, 0x000000070a200000, 0x000000070a400000|  0%| F|  |TAMS 0x000000070a200000, 0x000000070a200000| Untracked 
|  55|0x000000070a400000, 0x000000070a400000, 0x000000070a600000|  0%| F|  |TAMS 0x000000070a400000, 0x000000070a400000| Untracked 
|  56|0x000000070a600000, 0x000000070a600000, 0x000000070a800000|  0%| F|  |TAMS 0x000000070a600000, 0x000000070a600000| Untracked 
|  57|0x000000070a800000, 0x000000070a800000, 0x000000070aa00000|  0%| F|  |TAMS 0x000000070a800000, 0x000000070a800000| Untracked 
|  58|0x000000070aa00000, 0x000000070aa00000, 0x000000070ac00000|  0%| F|  |TAMS 0x000000070aa00000, 0x000000070aa00000| Untracked 
|  59|0x000000070ac00000, 0x000000070ac00000, 0x000000070ae00000|  0%| F|  |TAMS 0x000000070ac00000, 0x000000070ac00000| Untracked 
|  60|0x000000070ae00000, 0x000000070ae00000, 0x000000070b000000|  0%| F|  |TAMS 0x000000070ae00000, 0x000000070ae00000| Untracked 
|  61|0x000000070b000000, 0x000000070b000000, 0x000000070b200000|  0%| F|  |TAMS 0x000000070b000000, 0x000000070b000000| Untracked 
|  62|0x000000070b200000, 0x000000070b200000, 0x000000070b400000|  0%| F|  |TAMS 0x000000070b200000, 0x000000070b200000| Untracked 
|  63|0x000000070b400000, 0x000000070b400000, 0x000000070b600000|  0%| F|  |TAMS 0x000000070b400000, 0x000000070b400000| Untracked 
|  64|0x000000070b600000, 0x000000070b600000, 0x000000070b800000|  0%| F|  |TAMS 0x000000070b600000, 0x000000070b600000| Untracked 
|  65|0x000000070b800000, 0x000000070b800000, 0x000000070ba00000|  0%| F|  |TAMS 0x000000070b800000, 0x000000070b800000| Untracked 
|  66|0x000000070ba00000, 0x000000070ba00000, 0x000000070bc00000|  0%| F|  |TAMS 0x000000070ba00000, 0x000000070ba00000| Untracked 
|  67|0x000000070bc00000, 0x000000070bc00000, 0x000000070be00000|  0%| F|  |TAMS 0x000000070bc00000, 0x000000070bc00000| Untracked 
|  68|0x000000070be00000, 0x000000070be00000, 0x000000070c000000|  0%| F|  |TAMS 0x000000070be00000, 0x000000070be00000| Untracked 
|  69|0x000000070c000000, 0x000000070c000000, 0x000000070c200000|  0%| F|  |TAMS 0x000000070c000000, 0x000000070c000000| Untracked 
|  70|0x000000070c200000, 0x000000070c200000, 0x000000070c400000|  0%| F|  |TAMS 0x000000070c200000, 0x000000070c200000| Untracked 
|  71|0x000000070c400000, 0x000000070c400000, 0x000000070c600000|  0%| F|  |TAMS 0x000000070c400000, 0x000000070c400000| Untracked 
|  72|0x000000070c600000, 0x000000070c600000, 0x000000070c800000|  0%| F|  |TAMS 0x000000070c600000, 0x000000070c600000| Untracked 
|  73|0x000000070c800000, 0x000000070c800000, 0x000000070ca00000|  0%| F|  |TAMS 0x000000070c800000, 0x000000070c800000| Untracked 
|  74|0x000000070ca00000, 0x000000070ca00000, 0x000000070cc00000|  0%| F|  |TAMS 0x000000070ca00000, 0x000000070ca00000| Untracked 
|  75|0x000000070cc00000, 0x000000070cc00000, 0x000000070ce00000|  0%| F|  |TAMS 0x000000070cc00000, 0x000000070cc00000| Untracked 
|  76|0x000000070ce00000, 0x000000070ce00000, 0x000000070d000000|  0%| F|  |TAMS 0x000000070ce00000, 0x000000070ce00000| Untracked 
|  77|0x000000070d000000, 0x000000070d000000, 0x000000070d200000|  0%| F|  |TAMS 0x000000070d000000, 0x000000070d000000| Untracked 
|  78|0x000000070d200000, 0x000000070d200000, 0x000000070d400000|  0%| F|  |TAMS 0x000000070d200000, 0x000000070d200000| Untracked 
|  79|0x000000070d400000, 0x000000070d400000, 0x000000070d600000|  0%| F|  |TAMS 0x000000070d400000, 0x000000070d400000| Untracked 
|  80|0x000000070d600000, 0x000000070d600000, 0x000000070d800000|  0%| F|  |TAMS 0x000000070d600000, 0x000000070d600000| Untracked 
|  81|0x000000070d800000, 0x000000070d800000, 0x000000070da00000|  0%| F|  |TAMS 0x000000070d800000, 0x000000070d800000| Untracked 
|  82|0x000000070da00000, 0x000000070da00000, 0x000000070dc00000|  0%| F|  |TAMS 0x000000070da00000, 0x000000070da00000| Untracked 
|  83|0x000000070dc00000, 0x000000070dc00000, 0x000000070de00000|  0%| F|  |TAMS 0x000000070dc00000, 0x000000070dc00000| Untracked 
|  84|0x000000070de00000, 0x000000070de00000, 0x000000070e000000|  0%| F|  |TAMS 0x000000070de00000, 0x000000070de00000| Untracked 
|  85|0x000000070e000000, 0x000000070e000000, 0x000000070e200000|  0%| F|  |TAMS 0x000000070e000000, 0x000000070e000000| Untracked 
|  86|0x000000070e200000, 0x000000070e200000, 0x000000070e400000|  0%| F|  |TAMS 0x000000070e200000, 0x000000070e200000| Untracked 
|  87|0x000000070e400000, 0x000000070e400000, 0x000000070e600000|  0%| F|  |TAMS 0x000000070e400000, 0x000000070e400000| Untracked 
|  88|0x000000070e600000, 0x000000070e600000, 0x000000070e800000|  0%| F|  |TAMS 0x000000070e600000, 0x000000070e600000| Untracked 
|  89|0x000000070e800000, 0x000000070e800000, 0x000000070ea00000|  0%| F|  |TAMS 0x000000070e800000, 0x000000070e800000| Untracked 
|  90|0x000000070ea00000, 0x000000070ea00000, 0x000000070ec00000|  0%| F|  |TAMS 0x000000070ea00000, 0x000000070ea00000| Untracked 
|  91|0x000000070ec00000, 0x000000070ec00000, 0x000000070ee00000|  0%| F|  |TAMS 0x000000070ec00000, 0x000000070ec00000| Untracked 
|  92|0x000000070ee00000, 0x000000070ee00000, 0x000000070f000000|  0%| F|  |TAMS 0x000000070ee00000, 0x000000070ee00000| Untracked 
|  93|0x000000070f000000, 0x000000070f000000, 0x000000070f200000|  0%| F|  |TAMS 0x000000070f000000, 0x000000070f000000| Untracked 
|  94|0x000000070f200000, 0x000000070f200000, 0x000000070f400000|  0%| F|  |TAMS 0x000000070f200000, 0x000000070f200000| Untracked 
|  95|0x000000070f400000, 0x000000070f400000, 0x000000070f600000|  0%| F|  |TAMS 0x000000070f400000, 0x000000070f400000| Untracked 
|  96|0x000000070f600000, 0x000000070f600000, 0x000000070f800000|  0%| F|  |TAMS 0x000000070f600000, 0x000000070f600000| Untracked 
|  97|0x000000070f800000, 0x000000070f800000, 0x000000070fa00000|  0%| F|  |TAMS 0x000000070f800000, 0x000000070f800000| Untracked 
|  98|0x000000070fa00000, 0x000000070fa00000, 0x000000070fc00000|  0%| F|  |TAMS 0x000000070fa00000, 0x000000070fa00000| Untracked 
|  99|0x000000070fc00000, 0x000000070fc00000, 0x000000070fe00000|  0%| F|  |TAMS 0x000000070fc00000, 0x000000070fc00000| Untracked 
| 100|0x000000070fe00000, 0x000000070fe00000, 0x0000000710000000|  0%| F|  |TAMS 0x000000070fe00000, 0x000000070fe00000| Untracked 
| 101|0x0000000710000000, 0x0000000710000000, 0x0000000710200000|  0%| F|  |TAMS 0x0000000710000000, 0x0000000710000000| Untracked 
| 102|0x0000000710200000, 0x0000000710200000, 0x0000000710400000|  0%| F|  |TAMS 0x0000000710200000, 0x0000000710200000| Untracked 
| 103|0x0000000710400000, 0x0000000710400000, 0x0000000710600000|  0%| F|  |TAMS 0x0000000710400000, 0x0000000710400000| Untracked 
| 104|0x0000000710600000, 0x0000000710600000, 0x0000000710800000|  0%| F|  |TAMS 0x0000000710600000, 0x0000000710600000| Untracked 
| 105|0x0000000710800000, 0x0000000710800000, 0x0000000710a00000|  0%| F|  |TAMS 0x0000000710800000, 0x0000000710800000| Untracked 
| 106|0x0000000710a00000, 0x0000000710a00000, 0x0000000710c00000|  0%| F|  |TAMS 0x0000000710a00000, 0x0000000710a00000| Untracked 
| 107|0x0000000710c00000, 0x0000000710c00000, 0x0000000710e00000|  0%| F|  |TAMS 0x0000000710c00000, 0x0000000710c00000| Untracked 
| 108|0x0000000710e00000, 0x0000000710e00000, 0x0000000711000000|  0%| F|  |TAMS 0x0000000710e00000, 0x0000000710e00000| Untracked 
| 109|0x0000000711000000, 0x0000000711000000, 0x0000000711200000|  0%| F|  |TAMS 0x0000000711000000, 0x0000000711000000| Untracked 
| 110|0x0000000711200000, 0x0000000711200000, 0x0000000711400000|  0%| F|  |TAMS 0x0000000711200000, 0x0000000711200000| Untracked 
| 111|0x0000000711400000, 0x0000000711400000, 0x0000000711600000|  0%| F|  |TAMS 0x0000000711400000, 0x0000000711400000| Untracked 
| 112|0x0000000711600000, 0x0000000711600000, 0x0000000711800000|  0%| F|  |TAMS 0x0000000711600000, 0x0000000711600000| Untracked 
| 113|0x0000000711800000, 0x0000000711800000, 0x0000000711a00000|  0%| F|  |TAMS 0x0000000711800000, 0x0000000711800000| Untracked 
| 114|0x0000000711a00000, 0x0000000711c00000, 0x0000000711c00000|100%| S|CS|TAMS 0x0000000711a00000, 0x0000000711a00000| Complete 
| 115|0x0000000711c00000, 0x0000000711e00000, 0x0000000711e00000|100%| S|CS|TAMS 0x0000000711c00000, 0x0000000711c00000| Complete 
| 116|0x0000000711e00000, 0x0000000711ef6130, 0x0000000712000000| 48%| E|  |TAMS 0x0000000711e00000, 0x0000000711e00000| Complete 
| 117|0x0000000712000000, 0x0000000712200000, 0x0000000712200000|100%| E|CS|TAMS 0x0000000712000000, 0x0000000712000000| Complete 
| 118|0x0000000712200000, 0x0000000712400000, 0x0000000712400000|100%| E|CS|TAMS 0x0000000712200000, 0x0000000712200000| Complete 
| 119|0x0000000712400000, 0x0000000712600000, 0x0000000712600000|100%| E|CS|TAMS 0x0000000712400000, 0x0000000712400000| Complete 
| 120|0x0000000712600000, 0x0000000712800000, 0x0000000712800000|100%| E|  |TAMS 0x0000000712600000, 0x0000000712600000| Complete 
| 121|0x0000000712800000, 0x0000000712a00000, 0x0000000712a00000|100%| E|CS|TAMS 0x0000000712800000, 0x0000000712800000| Complete 
| 122|0x0000000712a00000, 0x0000000712c00000, 0x0000000712c00000|100%| E|CS|TAMS 0x0000000712a00000, 0x0000000712a00000| Complete 
| 123|0x0000000712c00000, 0x0000000712e00000, 0x0000000712e00000|100%| E|CS|TAMS 0x0000000712c00000, 0x0000000712c00000| Complete 
| 124|0x0000000712e00000, 0x0000000713000000, 0x0000000713000000|100%| E|CS|TAMS 0x0000000712e00000, 0x0000000712e00000| Complete 
| 125|0x0000000713000000, 0x0000000713200000, 0x0000000713200000|100%| E|CS|TAMS 0x0000000713000000, 0x0000000713000000| Complete 
| 126|0x0000000713200000, 0x0000000713400000, 0x0000000713400000|100%| E|CS|TAMS 0x0000000713200000, 0x0000000713200000| Complete 

Card table byte_map: [0x000001ec65d40000,0x000001ec66530000] _byte_map_base: 0x000001ec62525000

Marking Bits (Prev, Next): (CMBitMap*) 0x000001ec4e71a070, (CMBitMap*) 0x000001ec4e71a0b0
 Prev Bits: [0x000001ec66d20000, 0x000001ec6ac48000)
 Next Bits: [0x000001ec6ac50000, 0x000001ec6eb78000)

Polling page: 0x000001ec4c4a0000

Metaspace:

Usage:
  Non-class:      8.08 MB used.
      Class:      1.13 MB used.
       Both:      9.21 MB used.

Virtual space:
  Non-class space:       64.00 MB reserved,       8.25 MB ( 13%) committed,  1 nodes.
      Class space:        1.00 GB reserved,       1.25 MB ( <1%) committed,  1 nodes.
             Both:        1.06 GB reserved,       9.50 MB ( <1%) committed. 

Chunk freelists:
   Non-Class:  7.39 MB
       Class:  14.67 MB
        Both:  22.06 MB

MaxMetaspaceSize: unlimited
CompressedClassSpaceSize: 1.00 GB
Initial GC threshold: 21.00 MB
Current GC threshold: 21.00 MB
CDS: on
MetaspaceReclaimPolicy: balanced
 - commit_granule_bytes: 65536.
 - commit_granule_words: 8192.
 - virtual_space_node_default_size: 8388608.
 - enlarge_chunks_in_place: 1.
 - new_chunks_are_fully_committed: 0.
 - uncommit_free_chunks: 1.
 - use_allocation_guard: 0.
 - handle_deallocations: 1.


Internal statistics:

num_allocs_failed_limit: 0.
num_arena_births: 280.
num_arena_deaths: 0.
num_vsnodes_births: 2.
num_vsnodes_deaths: 0.
num_space_committed: 152.
num_space_uncommitted: 0.
num_chunks_returned_to_freelist: 0.
num_chunks_taken_from_freelist: 576.
num_chunk_merges: 0.
num_chunk_splits: 362.
num_chunks_enlarged: 249.
num_inconsistent_stats: 0.

CodeHeap 'non-profiled nmethods': size=120000Kb used=656Kb max_used=656Kb free=119344Kb
 bounds [0x000001ec5dce0000, 0x000001ec5df50000, 0x000001ec65210000]
CodeHeap 'profiled nmethods': size=120000Kb used=3114Kb max_used=3114Kb free=116886Kb
 bounds [0x000001ec56210000, 0x000001ec56520000, 0x000001ec5d740000]
CodeHeap 'non-nmethods': size=5760Kb used=1178Kb max_used=1201Kb free=4581Kb
 bounds [0x000001ec5d740000, 0x000001ec5d9b0000, 0x000001ec5dce0000]
 total_blobs=2171 nmethods=1717 adapters=366
 compilation: enabled
              stopped_count=0, restarted_count=0
 full_count=0

Compilation events (20 events):
Event: 3.944 Thread 0x000001ec70f9ba40 1665       3       java.util.ArrayDeque::<init> (35 bytes)
Event: 3.945 Thread 0x000001ec70f9ba40 nmethod 1665 0x000001ec564ffb90 code [0x000001ec564ffd40, 0x000001ec565000b8]
Event: 3.945 Thread 0x000001ec70f9ba40 1668       1       org.springframework.boot.context.config.StandardConfigDataReference::getResourceLocation (5 bytes)
Event: 3.945 Thread 0x000001ec70f9ba40 nmethod 1668 0x000001ec5dd82d10 code [0x000001ec5dd82ea0, 0x000001ec5dd82f78]
Event: 3.945 Thread 0x000001ec70f9ba40 1666       1       org.springframework.core.io.UrlResource::getURL (5 bytes)
Event: 3.945 Thread 0x000001ec70f9ba40 nmethod 1666 0x000001ec5dd83010 code [0x000001ec5dd831a0, 0x000001ec5dd83278]
Event: 3.947 Thread 0x000001ec70f9ba40 1669       3       java.lang.invoke.DirectMethodHandle$Holder::invokeStatic (14 bytes)
Event: 3.947 Thread 0x000001ec70f9ba40 nmethod 1669 0x000001ec56500190 code [0x000001ec56500360, 0x000001ec56500898]
Event: 3.947 Thread 0x000001ec70f9ba40 1670       3       java.lang.invoke.DirectMethodHandle$Holder::invokeStatic (17 bytes)
Event: 3.948 Thread 0x000001ec70f9ba40 nmethod 1670 0x000001ec56500990 code [0x000001ec56500b60, 0x000001ec56501038]
Event: 3.948 Thread 0x000001ec70f9ba40 1671       3       java.util.regex.Pattern$BmpCharProperty::match (55 bytes)
Event: 3.948 Thread 0x000001ec70f9ba40 nmethod 1671 0x000001ec56501190 code [0x000001ec56501380, 0x000001ec56501828]
Event: 3.949 Thread 0x000001ec70f9ba40 1672       1       java.util.Collections$EmptyList::isEmpty (2 bytes)
Event: 3.949 Thread 0x000001ec70f9ba40 nmethod 1672 0x000001ec5dd83310 code [0x000001ec5dd834a0, 0x000001ec5dd83578]
Event: 3.949 Thread 0x000001ec70f9ba40 1673       3       jdk.internal.loader.BuiltinClassLoader::hasClassPath (13 bytes)
Event: 3.949 Thread 0x000001ec70f9ba40 nmethod 1673 0x000001ec56501990 code [0x000001ec56501b20, 0x000001ec56501c98]
Event: 3.949 Thread 0x000001ec70f9ba40 1674       3       org.springframework.util.Assert::state (17 bytes)
Event: 3.950 Thread 0x000001ec70f9ba40 nmethod 1674 0x000001ec56501d10 code [0x000001ec56501ee0, 0x000001ec56502358]
Event: 3.951 Thread 0x000001ec70f9ba40 1675       3       java.security.AccessController::executePrivileged (69 bytes)
Event: 3.951 Thread 0x000001ec70f9ba40 nmethod 1675 0x000001ec56502510 code [0x000001ec565026e0, 0x000001ec56502a08]

GC Heap History (2 events):
Event: 2.042 GC heap before
{Heap before GC invocations=0 (full 0):
 garbage-first heap   total 260096K, used 20480K [0x0000000703600000, 0x0000000800000000)
  region size 2048K, 11 young (22528K), 0 survivors (0K)
 Metaspace       used 4785K, committed 4992K, reserved 1114112K
  class space    used 540K, committed 640K, reserved 1048576K
}
Event: 2.048 GC heap after
{Heap after GC invocations=1 (full 0):
 garbage-first heap   total 260096K, used 9217K [0x0000000703600000, 0x0000000800000000)
  region size 2048K, 2 young (4096K), 2 survivors (4096K)
 Metaspace       used 4785K, committed 4992K, reserved 1114112K
  class space    used 540K, committed 640K, reserved 1048576K
}

Dll operation events (12 events):
Event: 0.013 Loaded shared library C:\Users\acer\.jdks\ms-17.0.17\bin\java.dll
Event: 0.032 Loaded shared library C:\Users\acer\.jdks\ms-17.0.17\bin\jsvml.dll
Event: 0.183 Loaded shared library C:\Users\acer\.jdks\ms-17.0.17\bin\zip.dll
Event: 0.187 Loaded shared library C:\Users\acer\.jdks\ms-17.0.17\bin\instrument.dll
Event: 0.194 Loaded shared library C:\Users\acer\.jdks\ms-17.0.17\bin\net.dll
Event: 0.196 Loaded shared library C:\Users\acer\.jdks\ms-17.0.17\bin\nio.dll
Event: 0.198 Loaded shared library C:\Users\acer\.jdks\ms-17.0.17\bin\zip.dll
Event: 0.342 Loaded shared library C:\Program Files\JetBrains\IntelliJ IDEA Community Edition 2024.3\bin\breakgen64.dll
Event: 0.354 Loaded shared library C:\Users\acer\.jdks\ms-17.0.17\bin\extnet.dll
Event: 0.388 Loaded shared library C:\Users\acer\.jdks\ms-17.0.17\bin\jimage.dll
Event: 2.094 Loaded shared library C:\Users\acer\.jdks\ms-17.0.17\bin\management.dll
Event: 2.102 Loaded shared library C:\Users\acer\.jdks\ms-17.0.17\bin\management_ext.dll

Deoptimization events (20 events):
Event: 3.762 Thread 0x000001ec7653d780 Uncommon trap: trap_request=0xffffffc6 fr.pc=0x000001ec5dd6b9ec relative=0x0000000000000bac
Event: 3.762 Thread 0x000001ec7653d780 Uncommon trap: reason=bimorphic_or_optimized_type_check action=maybe_recompile pc=0x000001ec5dd6b9ec method=java.util.HashMap.putVal(ILjava/lang/Object;Ljava/lang/Object;ZZ)Ljava/lang/Object; @ 91 c2
Event: 3.762 Thread 0x000001ec7653d780 DEOPT PACKING pc=0x000001ec5dd6b9ec sp=0x0000002234afd660
Event: 3.762 Thread 0x000001ec7653d780 DEOPT UNPACKING pc=0x000001ec5d79a1a3 sp=0x0000002234afd580 mode 2
Event: 3.929 Thread 0x000001ec7653d780 Uncommon trap: trap_request=0xffffffc6 fr.pc=0x000001ec5dd6b9ec relative=0x0000000000000bac
Event: 3.929 Thread 0x000001ec7653d780 Uncommon trap: reason=bimorphic_or_optimized_type_check action=maybe_recompile pc=0x000001ec5dd6b9ec method=java.util.HashMap.putVal(ILjava/lang/Object;Ljava/lang/Object;ZZ)Ljava/lang/Object; @ 91 c2
Event: 3.929 Thread 0x000001ec7653d780 DEOPT PACKING pc=0x000001ec5dd6b9ec sp=0x0000002234afd660
Event: 3.929 Thread 0x000001ec7653d780 DEOPT UNPACKING pc=0x000001ec5d79a1a3 sp=0x0000002234afd580 mode 2
Event: 3.941 Thread 0x000001ec7653d780 Uncommon trap: trap_request=0xffffffc6 fr.pc=0x000001ec5dd460fc relative=0x000000000000049c
Event: 3.941 Thread 0x000001ec7653d780 Uncommon trap: reason=bimorphic_or_optimized_type_check action=maybe_recompile pc=0x000001ec5dd460fc method=java.util.HashMap.getNode(Ljava/lang/Object;)Ljava/util/HashMap$Node; @ 63 c2
Event: 3.941 Thread 0x000001ec7653d780 DEOPT PACKING pc=0x000001ec5dd460fc sp=0x0000002234afdb50
Event: 3.941 Thread 0x000001ec7653d780 DEOPT UNPACKING pc=0x000001ec5d79a1a3 sp=0x0000002234afdac8 mode 2
Event: 3.941 Thread 0x000001ec7653d780 Uncommon trap: trap_request=0xffffffc6 fr.pc=0x000001ec5dd460fc relative=0x000000000000049c
Event: 3.941 Thread 0x000001ec7653d780 Uncommon trap: reason=bimorphic_or_optimized_type_check action=maybe_recompile pc=0x000001ec5dd460fc method=java.util.HashMap.getNode(Ljava/lang/Object;)Ljava/util/HashMap$Node; @ 63 c2
Event: 3.941 Thread 0x000001ec7653d780 DEOPT PACKING pc=0x000001ec5dd460fc sp=0x0000002234afdb50
Event: 3.941 Thread 0x000001ec7653d780 DEOPT UNPACKING pc=0x000001ec5d79a1a3 sp=0x0000002234afdac8 mode 2
Event: 3.952 Thread 0x000001ec7653d780 Uncommon trap: trap_request=0xffffffc6 fr.pc=0x000001ec5dd460fc relative=0x000000000000049c
Event: 3.952 Thread 0x000001ec7653d780 Uncommon trap: reason=bimorphic_or_optimized_type_check action=maybe_recompile pc=0x000001ec5dd460fc method=java.util.HashMap.getNode(Ljava/lang/Object;)Ljava/util/HashMap$Node; @ 63 c2
Event: 3.952 Thread 0x000001ec7653d780 DEOPT PACKING pc=0x000001ec5dd460fc sp=0x0000002234afdb50
Event: 3.952 Thread 0x000001ec7653d780 DEOPT UNPACKING pc=0x000001ec5d79a1a3 sp=0x0000002234afdac8 mode 2

Classes loaded (20 events):
Event: 3.810 Loading class java/lang/invoke/MethodHandleImpl$Makers$2
Event: 3.810 Loading class java/lang/invoke/MethodHandleImpl$Makers$2 done
Event: 3.811 Loading class java/lang/invoke/MethodHandleImpl$Makers$3
Event: 3.811 Loading class java/lang/invoke/MethodHandleImpl$Makers$3 done
Event: 3.818 Loading class java/lang/invoke/DirectMethodHandle$EnsureInitialized
Event: 3.819 Loading class java/lang/invoke/DirectMethodHandle$EnsureInitialized done
Event: 3.820 Loading class java/lang/runtime/ObjectMethods$1
Event: 3.820 Loading class java/lang/runtime/ObjectMethods$1 done
Event: 3.830 Loading class java/lang/invoke/DirectMethodHandle$1
Event: 3.830 Loading class java/lang/invoke/DirectMethodHandle$1 done
Event: 3.839 Loading class java/util/stream/MatchOps$1MatchSink
Event: 3.839 Loading class java/util/stream/MatchOps$1MatchSink done
Event: 3.854 Loading class sun/reflect/generics/scope/ConstructorScope
Event: 3.854 Loading class sun/reflect/generics/scope/ConstructorScope done
Event: 3.854 Loading class sun/reflect/generics/repository/ConstructorRepository
Event: 3.854 Loading class sun/reflect/generics/repository/ConstructorRepository done
Event: 3.854 Loading class sun/reflect/generics/tree/VoidDescriptor
Event: 3.855 Loading class sun/reflect/generics/tree/VoidDescriptor done
Event: 3.855 Loading class sun/reflect/generics/tree/MethodTypeSignature
Event: 3.855 Loading class sun/reflect/generics/tree/MethodTypeSignature done

Classes unloaded (0 events):
No events

Classes redefined (0 events):
No events

Internal exceptions (20 events):
Event: 3.771 Thread 0x000001ec7653d780 Exception <a 'java/lang/NoSuchMethodError'{0x000000071234e570}: 'void java.lang.invoke.DirectMethodHandle$Holder.invokeSpecial(java.lang.Object, java.lang.Object, java.lang.Object, java.lang.Object, java.lang.Object)'> (0x000000071234e570) 
thrown [s\src\hotspot\share\interpreter\linkResolver.cpp, line 759]
Event: 3.793 Thread 0x000001ec7653d780 Exception <a 'java/lang/NoSuchMethodError'{0x000000071239f420}: 'int java.lang.invoke.DirectMethodHandle$Holder.invokeVirtual(java.lang.Object, java.lang.Object)'> (0x000000071239f420) 
thrown [s\src\hotspot\share\interpreter\linkResolver.cpp, line 759]
Event: 3.807 Thread 0x000001ec7653d780 Exception <a 'java/lang/NoSuchMethodError'{0x00000007123cbf48}: 'java.lang.Object java.lang.invoke.DirectMethodHandle$Holder.invokeStaticInit(java.lang.Object, java.lang.Object, java.lang.Object, java.lang.Object, java.lang.Object, java.lang.Object, java.lang.Object)'> (0x00000007123cbf48) 
thrown [s\src\hotspot\share\interpreter\linkResolver.cpp, line 759]
Event: 3.809 Thread 0x000001ec7653d780 Exception <a 'java/lang/NoSuchMethodError'{0x00000007123d5660}: 'java.lang.Object java.lang.invoke.DirectMethodHandle$Holder.invokeSpecial(java.lang.Object, java.lang.Object, java.lang.Object, java.lang.Object, java.lang.Object, java.lang.Object, java.lang.Object, java.lang.Object, java.lang.Object, java.lang.Object)'> (0x00000007123d5660) 
thrown [s\src\hotspot\share\interpreter\linkResolver.cpp, line 759]
Event: 3.809 Thread 0x000001ec7653d780 Exception <a 'java/lang/NoSuchMethodError'{0x00000007123d9ef0}: 'java.lang.Object java.lang.invoke.Invokers$Holder.invoke_MT(java.lang.Object, java.lang.Object, java.lang.Object, java.lang.Object, java.lang.Object, java.lang.Object, java.lang.Object, java.lang.Object, java.lang.Object, java.lang.Object)'> (0x00000007123d9ef0) 
thrown [s\src\hotspot\share\interpreter\linkResolver.cpp, line 759]
Event: 3.811 Thread 0x000001ec7653d780 Exception <a 'java/lang/NoSuchMethodError'{0x00000007123e0418}: 'java.lang.Object java.lang.invoke.DirectMethodHandle$Holder.invokeStatic(java.lang.Object, java.lang.Object, int)'> (0x00000007123e0418) 
thrown [s\src\hotspot\share\interpreter\linkResolver.cpp, line 759]
Event: 3.814 Thread 0x000001ec7653d780 Exception <a 'java/lang/NoSuchMethodError'{0x00000007123f3d08}: 'void java.lang.invoke.DelegatingMethodHandle$Holder.delegate(java.lang.Object, java.lang.Object, int, java.lang.Object)'> (0x00000007123f3d08) 
thrown [s\src\hotspot\share\interpreter\linkResolver.cpp, line 759]
Event: 3.820 Thread 0x000001ec7653d780 Exception <a 'java/lang/NoSuchMethodError'{0x00000007120143f8}: 'int java.lang.invoke.DirectMethodHandle$Holder.invokeVirtual(java.lang.Object, java.lang.Object, java.lang.Object)'> (0x00000007120143f8) 
thrown [s\src\hotspot\share\interpreter\linkResolver.cpp, line 759]
Event: 3.822 Thread 0x000001ec7653d780 Exception <a 'java/lang/NoSuchMethodError'{0x0000000712018bb8}: 'int java.lang.invoke.DirectMethodHandle$Holder.invokeStaticInit(java.lang.Object, int, int)'> (0x0000000712018bb8) 
thrown [s\src\hotspot\share\interpreter\linkResolver.cpp, line 759]
Event: 3.823 Thread 0x000001ec7653d780 Exception <a 'java/lang/NoSuchMethodError'{0x0000000712020748}: 'int java.lang.invoke.DirectMethodHandle$Holder.invokeStaticInit(java.lang.Object, long, long)'> (0x0000000712020748) 
thrown [s\src\hotspot\share\interpreter\linkResolver.cpp, line 759]
Event: 3.825 Thread 0x000001ec7653d780 Exception <a 'java/lang/NoSuchMethodError'{0x0000000712027ad0}: 'int java.lang.invoke.DirectMethodHandle$Holder.invokeStaticInit(java.lang.Object, float, float)'> (0x0000000712027ad0) 
thrown [s\src\hotspot\share\interpreter\linkResolver.cpp, line 759]
Event: 3.826 Thread 0x000001ec7653d780 Exception <a 'java/lang/NoSuchMethodError'{0x000000071202ebd0}: 'int java.lang.invoke.DirectMethodHandle$Holder.invokeStaticInit(java.lang.Object, double, double)'> (0x000000071202ebd0) 
thrown [s\src\hotspot\share\interpreter\linkResolver.cpp, line 759]
Event: 3.827 Thread 0x000001ec7653d780 Exception <a 'java/lang/NoSuchMethodError'{0x0000000712033448}: 'int java.lang.invoke.DirectMethodHandle$Holder.invokeStatic(java.lang.Object, long)'> (0x0000000712033448) 
thrown [s\src\hotspot\share\interpreter\linkResolver.cpp, line 759]
Event: 3.834 Thread 0x000001ec7653d780 Exception <a 'java/lang/NoSuchMethodError'{0x0000000712057e88}: 'int java.lang.invoke.Invokers$Holder.linkToTargetMethod(java.lang.Object, java.lang.Object)'> (0x0000000712057e88) 
thrown [s\src\hotspot\share\interpreter\linkResolver.cpp, line 759]
Event: 3.864 Thread 0x000001ec7653d780 Exception <a 'java/lang/NoSuchMethodError'{0x00000007120d8b18}: 'java.lang.Object java.lang.invoke.DirectMethodHandle$Holder.invokeSpecial(java.lang.Object, java.lang.Object, java.lang.Object, int, java.lang.Object)'> (0x00000007120d8b18) 
thrown [s\src\hotspot\share\interpreter\linkResolver.cpp, line 759]
Event: 3.866 Thread 0x000001ec7653d780 Exception <a 'java/lang/NoSuchMethodError'{0x00000007120e1080}: 'java.lang.Object java.lang.invoke.DirectMethodHandle$Holder.newInvokeSpecial(java.lang.Object, java.lang.Object, java.lang.Object, int, java.lang.Object)'> (0x00000007120e1080) 
thrown [s\src\hotspot\share\interpreter\linkResolver.cpp, line 759]
Event: 3.868 Thread 0x000001ec7653d780 Exception <a 'java/lang/NoSuchMethodError'{0x00000007120e8c90}: 'java.lang.Object java.lang.invoke.Invokers$Holder.linkToTargetMethod(java.lang.Object, java.lang.Object, int, java.lang.Object, java.lang.Object)'> (0x00000007120e8c90) 
thrown [s\src\hotspot\share\interpreter\linkResolver.cpp, line 759]
Event: 3.871 Thread 0x000001ec7653d780 Exception <a 'java/lang/NoSuchMethodError'{0x00000007120f8940}: 'java.lang.Object java.lang.invoke.DirectMethodHandle$Holder.newInvokeSpecial(java.lang.Object, int, java.lang.Object)'> (0x00000007120f8940) 
thrown [s\src\hotspot\share\interpreter\linkResolver.cpp, line 759]
Event: 3.872 Thread 0x000001ec7653d780 Exception <a 'java/lang/NoSuchMethodError'{0x00000007120fd2e0}: 'int java.lang.invoke.DirectMethodHandle$Holder.invokeSpecialIFC(java.lang.Object, java.lang.Object, java.lang.Object, java.lang.Object)'> (0x00000007120fd2e0) 
thrown [s\src\hotspot\share\interpreter\linkResolver.cpp, line 759]
Event: 3.917 Thread 0x000001ec7653d780 Exception <a 'java/lang/NoSuchMethodError'{0x00000007121a2f88}: 'void java.lang.invoke.DirectMethodHandle$Holder.invokeInterface(java.lang.Object, java.lang.Object, java.lang.Object)'> (0x00000007121a2f88) 
thrown [s\src\hotspot\share\interpreter\linkResolver.cpp, line 759]

VM Operations (20 events):
Event: 0.366 Executing VM operation: HandshakeAllThreads done
Event: 0.422 Executing VM operation: HandshakeAllThreads
Event: 0.422 Executing VM operation: HandshakeAllThreads done
Event: 0.441 Executing VM operation: HandshakeAllThreads
Event: 0.442 Executing VM operation: HandshakeAllThreads done
Event: 0.463 Executing VM operation: HandshakeAllThreads
Event: 0.463 Executing VM operation: HandshakeAllThreads done
Event: 0.501 Executing VM operation: HandshakeAllThreads
Event: 0.501 Executing VM operation: HandshakeAllThreads done
Event: 1.510 Executing VM operation: Cleanup
Event: 1.542 Executing VM operation: Cleanup done
Event: 2.042 Executing VM operation: G1CollectForAllocation
Event: 2.048 Executing VM operation: G1CollectForAllocation done
Event: 3.061 Executing VM operation: Cleanup
Event: 3.061 Executing VM operation: Cleanup done
Event: 3.787 Executing VM operation: HandshakeAllThreads
Event: 3.787 Executing VM operation: HandshakeAllThreads done
Event: 3.811 Executing VM operation: HandshakeAllThreads
Event: 3.811 Executing VM operation: HandshakeAllThreads done
Event: 4.811 Executing VM operation: Cleanup

Memory protections (0 events):
No events

Nmethod flushes (0 events):
No events

Events (19 events):
Event: 0.032 Thread 0x000001ec4e6ad3d0 Thread added: 0x000001ec4e6ad3d0
Event: 0.036 Thread 0x000001ec4e6ad3d0 Thread added: 0x000001ec70f526c0
Event: 0.036 Thread 0x000001ec4e6ad3d0 Thread added: 0x000001ec70f53280
Event: 0.046 Thread 0x000001ec4e6ad3d0 Thread added: 0x000001ec70f65a20
Event: 0.046 Thread 0x000001ec4e6ad3d0 Thread added: 0x000001ec70f684f0
Event: 0.046 Thread 0x000001ec4e6ad3d0 Thread added: 0x000001ec70f68eb0
Event: 0.046 Thread 0x000001ec4e6ad3d0 Thread added: 0x000001ec70f71880
Event: 0.046 Thread 0x000001ec4e6ad3d0 Thread added: 0x000001ec7169a300
Event: 0.046 Thread 0x000001ec4e6ad3d0 Thread added: 0x000001ec70f9ba40
Event: 0.046 Thread 0x000001ec4e6ad3d0 Thread added: 0x000001ec716b34a0
Event: 0.163 Thread 0x000001ec4e6ad3d0 Thread added: 0x000001ec717a80f0
Event: 0.223 Thread 0x000001ec7169a300 Thread added: 0x000001ec718495a0
Event: 0.343 Thread 0x000001ec4e6ad3d0 Thread added: 0x000001ec76359c00
Event: 0.343 Thread 0x000001ec4e6ad3d0 Thread added: 0x000001ec763d1230
Event: 1.554 Thread 0x000001ec70f9ba40 Thread added: 0x000001ec764e5ad0
Event: 2.007 Thread 0x000001ec764e5ad0 Thread exited: 0x000001ec764e5ad0
Event: 2.229 Thread 0x000001ec4e6ad3d0 Thread added: 0x000001ec777b79c0
Event: 2.238 Thread 0x000001ec777b79c0 Thread added: 0x000001ec7653d780
Event: 3.637 Thread 0x000001ec718495a0 Thread exited: 0x000001ec718495a0


Dynamic libraries:
0x00007ff7afee0000 - 0x00007ff7afeee000 	C:\Users\acer\.jdks\ms-17.0.17\bin\java.exe
0x00007fffc3de0000 - 0x00007fffc4047000 	C:\WINDOWS\SYSTEM32\ntdll.dll
0x00007fffc36d0000 - 0x00007fffc3799000 	C:\WINDOWS\System32\KERNEL32.DLL
0x00007fffc1080000 - 0x00007fffc1474000 	C:\WINDOWS\System32\KERNELBASE.dll
0x00007fffc16a0000 - 0x00007fffc17eb000 	C:\WINDOWS\System32\ucrtbase.dll
0x00007fffba490000 - 0x00007fffba4ae000 	C:\Users\acer\.jdks\ms-17.0.17\bin\VCRUNTIME140.dll
0x00007fffba1a0000 - 0x00007fffba1b8000 	C:\Users\acer\.jdks\ms-17.0.17\bin\jli.dll
0x00007fffc2ed0000 - 0x00007fffc3095000 	C:\WINDOWS\System32\USER32.dll
0x00007fffacab0000 - 0x00007fffacd43000 	C:\WINDOWS\WinSxS\amd64_microsoft.windows.common-controls_6595b64144ccf1df_6.0.26100.8115_none_3e075c82e3354f9c\COMCTL32.dll
0x00007fffc07e0000 - 0x00007fffc0807000 	C:\WINDOWS\System32\win32u.dll
0x00007fffc2e20000 - 0x00007fffc2ec9000 	C:\WINDOWS\System32\msvcrt.dll
0x00007fffc3d70000 - 0x00007fffc3d9b000 	C:\WINDOWS\System32\GDI32.dll
0x00007fffc06b0000 - 0x00007fffc07db000 	C:\WINDOWS\System32\gdi32full.dll
0x00007fffc15f0000 - 0x00007fffc1693000 	C:\WINDOWS\System32\msvcp_win.dll
0x00007fffc2be0000 - 0x00007fffc2c12000 	C:\WINDOWS\System32\IMM32.DLL
0x00007fffb9b00000 - 0x00007fffb9b0c000 	C:\Users\acer\.jdks\ms-17.0.17\bin\vcruntime140_1.dll
0x00007fffad870000 - 0x00007fffad8f9000 	C:\Users\acer\.jdks\ms-17.0.17\bin\msvcp140.dll
0x00007fff55d30000 - 0x00007fff569aa000 	C:\Users\acer\.jdks\ms-17.0.17\bin\server\jvm.dll
0x00007fffc3c10000 - 0x00007fffc3cc6000 	C:\WINDOWS\System32\ADVAPI32.dll
0x00007fffc2310000 - 0x00007fffc23b7000 	C:\WINDOWS\System32\sechost.dll
0x00007fffc1e30000 - 0x00007fffc1f48000 	C:\WINDOWS\System32\RPCRT4.dll
0x00007fffc3ce0000 - 0x00007fffc3d60000 	C:\WINDOWS\System32\WS2_32.dll
0x00007fffc0510000 - 0x00007fffc056e000 	C:\WINDOWS\SYSTEM32\POWRPROF.dll
0x00007fffae200000 - 0x00007fffae236000 	C:\WINDOWS\SYSTEM32\WINMM.dll
0x00007fffb45d0000 - 0x00007fffb45db000 	C:\WINDOWS\SYSTEM32\VERSION.dll
0x00007fffc04f0000 - 0x00007fffc0504000 	C:\WINDOWS\SYSTEM32\UMPDC.dll
0x00007fffbf360000 - 0x00007fffbf37b000 	C:\WINDOWS\SYSTEM32\kernel.appcore.dll
0x00007fffb80b0000 - 0x00007fffb80ba000 	C:\Users\acer\.jdks\ms-17.0.17\bin\jimage.dll
0x00007fffad2f0000 - 0x00007fffad532000 	C:\WINDOWS\SYSTEM32\DBGHELP.DLL
0x00007fffc3870000 - 0x00007fffc3bf2000 	C:\WINDOWS\System32\combase.dll
0x00007fffc1c40000 - 0x00007fffc1d18000 	C:\WINDOWS\System32\OLEAUT32.dll
0x00007fff969a0000 - 0x00007fff969db000 	C:\WINDOWS\SYSTEM32\dbgcore.DLL
0x00007fffc1940000 - 0x00007fffc19e5000 	C:\WINDOWS\System32\bcryptPrimitives.dll
0x00007fffbaee0000 - 0x00007fffbaeef000 	C:\Users\acer\.jdks\ms-17.0.17\bin\instrument.dll
0x00007fffb8080000 - 0x00007fffb80a6000 	C:\Users\acer\.jdks\ms-17.0.17\bin\java.dll
0x00007fff94480000 - 0x00007fff94556000 	C:\Users\acer\.jdks\ms-17.0.17\bin\jsvml.dll
0x00007fffc23c0000 - 0x00007fffc2b27000 	C:\WINDOWS\System32\SHELL32.dll
0x00007fffc1480000 - 0x00007fffc15ea000 	C:\WINDOWS\System32\wintypes.dll
0x00007fffc0810000 - 0x00007fffc1078000 	C:\WINDOWS\System32\windows.storage.dll
0x00007fffc2cb0000 - 0x00007fffc2da8000 	C:\WINDOWS\System32\SHCORE.dll
0x00007fffc2db0000 - 0x00007fffc2e16000 	C:\WINDOWS\System32\shlwapi.dll
0x00007fffc05d0000 - 0x00007fffc05f9000 	C:\WINDOWS\SYSTEM32\profapi.dll
0x00007fffb4140000 - 0x00007fffb4158000 	C:\Users\acer\.jdks\ms-17.0.17\bin\zip.dll
0x00007fffb8060000 - 0x00007fffb807b000 	C:\Users\acer\.jdks\ms-17.0.17\bin\net.dll
0x00007fffb7810000 - 0x00007fffb793d000 	C:\WINDOWS\SYSTEM32\WINHTTP.dll
0x00007fffbf950000 - 0x00007fffbf9bc000 	C:\WINDOWS\system32\mswsock.dll
0x00007fffb4670000 - 0x00007fffb4686000 	C:\Users\acer\.jdks\ms-17.0.17\bin\nio.dll
0x00007fffb1af0000 - 0x00007fffb1b0a000 	C:\Program Files\JetBrains\IntelliJ IDEA Community Edition 2024.3\bin\breakgen64.dll
0x00007fffb4660000 - 0x00007fffb4669000 	C:\Users\acer\.jdks\ms-17.0.17\bin\extnet.dll
0x00007fffb1a00000 - 0x00007fffb1a0a000 	C:\Users\acer\.jdks\ms-17.0.17\bin\management.dll
0x00007fffb19f0000 - 0x00007fffb19fc000 	C:\Users\acer\.jdks\ms-17.0.17\bin\management_ext.dll
0x00007fffc3c00000 - 0x00007fffc3c08000 	C:\WINDOWS\System32\PSAPI.DLL

dbghelp: loaded successfully - version: 4.0.5 - missing functions: none
symbol engine: initialized successfully - sym options: 0x614 - pdb path: .;C:\Users\acer\.jdks\ms-17.0.17\bin;C:\WINDOWS\SYSTEM32;C:\WINDOWS\WinSxS\amd64_microsoft.windows.common-controls_6595b64144ccf1df_6.0.26100.8115_none_3e075c82e3354f9c;C:\Users\acer\.jdks\ms-17.0.17\bin\server;C:\Program Files\JetBrains\IntelliJ IDEA Community Edition 2024.3\bin

VM Arguments:
jvm_args: -javaagent:C:\Program Files\JetBrains\IntelliJ IDEA Community Edition 2024.3\lib\idea_rt.jar=64313:C:\Program Files\JetBrains\IntelliJ IDEA Community Edition 2024.3\bin -Dfile.encoding=UTF-8 
java_command: com.selcan.documentflow.DocumentflowApplication
java_class_path (initial): C:\Users\acer\Desktop\documentflow\documentflow\target\classes;C:\Users\acer\.m2\repository\org\springframework\boot\spring-boot-starter-data-jpa\4.0.6\spring-boot-starter-data-jpa-4.0.6.jar;C:\Users\acer\.m2\repository\org\springframework\boot\spring-boot-starter\4.0.6\spring-boot-starter-4.0.6.jar;C:\Users\acer\.m2\repository\org\springframework\boot\spring-boot-starter-logging\4.0.6\spring-boot-starter-logging-4.0.6.jar;C:\Users\acer\.m2\repository\ch\qos\logback\logback-classic\1.5.32\logback-classic-1.5.32.jar;C:\Users\acer\.m2\repository\ch\qos\logback\logback-core\1.5.32\logback-core-1.5.32.jar;C:\Users\acer\.m2\repository\org\apache\logging\log4j\log4j-to-slf4j\2.25.4\log4j-to-slf4j-2.25.4.jar;C:\Users\acer\.m2\repository\org\apache\logging\log4j\log4j-api\2.25.4\log4j-api-2.25.4.jar;C:\Users\acer\.m2\repository\org\slf4j\jul-to-slf4j\2.0.17\jul-to-slf4j-2.0.17.jar;C:\Users\acer\.m2\repository\jakarta\annotation\jakarta.annotation-api\3.0.0\jakarta.annotation-api-3.0.0.jar;C:\Users\acer\.m2\repository\org\yaml\snakeyaml\2.5\snakeyaml-2.5.jar;C:\Users\acer\.m2\repository\org\springframework\boot\spring-boot-starter-jdbc\4.0.6\spring-boot-starter-jdbc-4.0.6.jar;C:\Users\acer\.m2\repository\com\zaxxer\HikariCP\7.0.2\HikariCP-7.0.2.jar;C:\Users\acer\.m2\repository\org\slf4j\slf4j-api\2.0.17\slf4j-api-2.0.17.jar;C:\Users\acer\.m2\repository\org\springframework\boot\spring-boot-data-jpa\4.0.6\spring-boot-data-jpa-4.0.6.jar;C:\Users\acer\.m2\repository\org\springframework\boot\spring-boot-data-commons\4.0.6\spring-boot-data-commons-4.0.6.jar;C:\Users\acer\.m2\repository\org\springframework\boot\spring-boot-persistence\4.0.6\spring-boot-persistence-4.0.6.jar;C:\Users\acer\.m2\repository\org\springframework\data\spring-data-commons\4.0.5\spring-data-commons-4.0.5.jar;C:\Users\acer\.m2\repository\org\springframework\boot\spring-boot-hibernate\4.0.6\spring-boot-hibernate-4.0.6.jar;C:\Users\acer\.m2\repository\org\springframework\boot\spring
Launcher Type: SUN_STANDARD

[Global flags]
     intx CICompilerCount                          = 4                                         {product} {ergonomic}
     uint ConcGCThreads                            = 2                                         {product} {ergonomic}
     uint G1ConcRefinementThreads                  = 8                                         {product} {ergonomic}
   size_t G1HeapRegionSize                         = 2097152                                   {product} {ergonomic}
    uintx GCDrainStackTargetSize                   = 64                                        {product} {ergonomic}
   size_t InitialHeapSize                          = 266338304                                 {product} {ergonomic}
   size_t MarkStackSize                            = 4194304                                   {product} {ergonomic}
   size_t MaxHeapSize                              = 4238344192                                {product} {ergonomic}
   size_t MaxNewSize                               = 2541748224                                {product} {ergonomic}
   size_t MinHeapDeltaBytes                        = 2097152                                   {product} {ergonomic}
   size_t MinHeapSize                              = 8388608                                   {product} {ergonomic}
    uintx NonNMethodCodeHeapSize                   = 5839372                                {pd product} {ergonomic}
    uintx NonProfiledCodeHeapSize                  = 122909434                              {pd product} {ergonomic}
    uintx ProfiledCodeHeapSize                     = 122909434                              {pd product} {ergonomic}
    uintx ReservedCodeCacheSize                    = 251658240                              {pd product} {ergonomic}
     bool SegmentedCodeCache                       = true                                      {product} {ergonomic}
   size_t SoftMaxHeapSize                          = 4238344192                             {manageable} {ergonomic}
     bool UseCompressedClassPointers               = true                           {product lp64_product} {ergonomic}
     bool UseCompressedOops                        = true                           {product lp64_product} {ergonomic}
     bool UseG1GC                                  = true                                      {product} {ergonomic}
     bool UseLargePagesIndividualAllocation        = false                                  {pd product} {ergonomic}

Logging:
Log output configuration:
 #0: stdout all=warning uptime,level,tags
 #1: stderr all=off uptime,level,tags

Environment Variables:
PATH=C:\Program Files (x86)\Common Files\Oracle\Java\javapath;C:\Windows\system32;C:\Windows;C:\Windows\System32\Wbem;C:\Windows\System32\WindowsPowerShell\v1.0\;C:\Windows\System32\OpenSSH\;C:\Program Files (x86)\NVIDIA Corporation\PhysX\Common;C:\Program Files\NVIDIA Corporation\NVIDIA NvDLISR;C:\Program Files\Microsoft SQL Server\Client SDK\ODBC\170\Tools\Binn\;C:\WINDOWS\system32;C:\WINDOWS;C:\WINDOWS\System32\Wbem;C:\WINDOWS\System32\WindowsPowerShell\v1.0\;C:\WINDOWS\System32\OpenSSH\;C:\Program Files (x86)\Microsoft SQL Server\160\Tools\Binn\;C:\Program Files\Microsoft SQL Server\160\Tools\Binn\;C:\Program Files\Microsoft SQL Server\160\DTS\Binn\;C:\Program Files\Azure Data Studio\bin;C:\Program Files\Git\cmd;C:\Program Files\nodejs\;C:\Program Files\Docker\Docker\resources\bin;C:\Program Files\dotnet\;C:\Program Files (x86)\Common Files\Oracle\Java\javapath;C:\Windows\system32;C:\Windows;C:\Windows\System32\Wbem;C:\Windows\System32\WindowsPowerShell\v1.0\;C:\Windows\System32\OpenSSH\;C:\Program Files (x86)\NVIDIA Corporation\PhysX\Common;C:\Program Files\NVIDIA Corporation\NVIDIA NvDLISR;C:\Program Files\Microsoft SQL Server\Client SDK\ODBC\170\Tools\Binn\;C:\WINDOWS\system32;C:\WINDOWS;C:\WINDOWS\System32\Wbem;C:\WINDOWS\System32\WindowsPowerShell\v1.0\;C:\WINDOWS\System32\OpenSSH\;C:\Program Files (x86)\Microsoft SQL Server\160\Tools\Binn\;C:\Program Files\Microsoft SQL Server\160\Tools\Binn\;C:\Program Files\Microsoft SQL Server\160\DTS\Binn\;C:\Program Files\Azure Data Studio\bin;C:\Program Files\Git\cmd;C:\Program Files\nodejs\;C:\Program Files\Docker\Docker\resources\bin;C:\Users\acer\AppData\Local\Microsoft\WindowsApps;;C:\Program Files\Azure Data Studio\bin;C:\Users\acer\AppData\Local\Programs\Microsoft VS Code\bin;C:\Users\acer\AppData\Roaming\npm;C:\Program Files\Apache\Maven\apache-maven-3.9.4\bin
USERNAME=acer
OS=Windows_NT
PROCESSOR_IDENTIFIER=Intel64 Family 6 Model 126 Stepping 5, GenuineIntel
TMP=C:\Users\acer\AppData\Local\Temp
TEMP=C:\Users\acer\AppData\Local\Temp



Periodic native trim disabled


---------------  S Y S T E M  ---------------

OS:
 Windows 11 , 64 bit Build 26100 (10.0.26100.8246)
OS uptime: 10 days 3:27 hours
Hyper-V role detected

CPU: total 8 (initial active 8) (4 cores per cpu, 2 threads per core) family 6 model 126 stepping 5 microcode 0x86, cx8, cmov, fxsr, ht, mmx, 3dnowpref, sse, sse2, sse3, ssse3, sse4.1, sse4.2, popcnt, lzcnt, tsc, tscinvbit, avx, avx2, aes, erms, clmul, bmi1, bmi2, adx, avx512f, avx512dq, avx512cd, avx512bw, avx512vl, sha, fma, vzeroupper, avx512_vpopcntdq, avx512_vpclmulqdq, avx512_vaes, avx512_vnni, clflush, clflushopt, avx512_vbmi2, avx512_vbmi, hv
Processor Information for the first 8 processors :
  Max Mhz: 1498, Current Mhz: 1298, Mhz Limit: 1288

Memory: 4k page, system-wide physical 16161M (2822M free)
TotalPageFile size 20257M (AvailPageFile size 0M)
current process WorkingSet (physical memory assigned to process): 107M, peak: 107M
current process commit charge ("private bytes"): 379M, peak: 380M

vm_info: OpenJDK 64-Bit Server VM (17.0.17+10-LTS) for windows-amd64 JRE (17.0.17+10-LTS), built on Oct 13 2025 22:19:56 by "MicrosoftCorporation" with unknown MS VC++:1944

END.
